<?xml version="1.0" encoding="UTF-8"?>
<testng-results skipped="0" failed="0" ignored="0" total="1" passed="1">
  <reporter-output>
  </reporter-output>
  <suite name="Default suite" duration-ms="53931" started-at="2017-07-20T11:06:54Z" finished-at="2017-07-20T11:07:48Z">
    <groups>
    </groups>
    <test name="Default test" duration-ms="53931" started-at="2017-07-20T11:06:54Z" finished-at="2017-07-20T11:07:48Z">
      <class name="testscripts.AdvancedSearch_Jounals">
        <test-method status="PASS" signature="setup()[pri:0, instance:testscripts.AdvancedSearch_Jounals@7ac7a4e4]" name="setup" is-config="true" duration-ms="2735" started-at="2017-07-20T12:06:54Z" finished-at="2017-07-20T12:06:57Z">
          <reporter-output>
          </reporter-output>
        </test-method> <!-- setup -->
        <test-method status="PASS" signature="advancedSearch_Jounals()[pri:0, instance:testscripts.AdvancedSearch_Jounals@7ac7a4e4]" name="advancedSearch_Jounals" duration-ms="51177" started-at="2017-07-20T12:06:57Z" finished-at="2017-07-20T12:07:48Z">
          <reporter-output>
          </reporter-output>
        </test-method> <!-- advancedSearch_Jounals -->
        <test-method status="PASS" signature="teardown()[pri:0, instance:testscripts.AdvancedSearch_Jounals@7ac7a4e4]" name="teardown" is-config="true" duration-ms="1" started-at="2017-07-20T12:07:48Z" finished-at="2017-07-20T12:07:48Z">
          <reporter-output>
          </reporter-output>
        </test-method> <!-- teardown -->
      </class> <!-- testscripts.AdvancedSearch_Jounals -->
    </test> <!-- Default test -->
  </suite> <!-- Default suite -->
</testng-results>
