<?xml version="1.0" encoding="UTF-8"?>
<testng-results skipped="0" failed="0" ignored="0" total="1" passed="1">
  <reporter-output>
  </reporter-output>
  <suite name="Default suite" duration-ms="13528" started-at="2017-08-19T15:42:01Z" finished-at="2017-08-19T15:42:15Z">
    <groups>
    </groups>
    <test name="Default test" duration-ms="13528" started-at="2017-08-19T15:42:01Z" finished-at="2017-08-19T15:42:15Z">
      <class name="com.test.automation.UIAutomation.HomePage.TC001_VerifyLoginWithInvalidCredentials">
        <test-method status="PASS" signature="setup()[pri:0, instance:com.test.automation.UIAutomation.HomePage.TC001_VerifyLoginWithInvalidCredentials@57175e74]" name="setup" is-config="true" duration-ms="9384" started-at="2017-08-19T16:42:01Z" finished-at="2017-08-19T16:42:11Z">
          <reporter-output>
          </reporter-output>
        </test-method> <!-- setup -->
        <test-method status="PASS" signature="beforeMethod(java.lang.reflect.Method)[pri:0, instance:com.test.automation.UIAutomation.HomePage.TC001_VerifyLoginWithInvalidCredentials@57175e74]" name="beforeMethod" is-config="true" duration-ms="0" started-at="2017-08-19T16:42:11Z" finished-at="2017-08-19T16:42:11Z">
          <params>
            <param index="0">
              <value>
                <![CDATA[public void com.test.automation.UIAutomation.HomePage.TC001_VerifyLoginWithInvalidCredentials.verifyLoginWithInvalidCredentials()]]>
              </value>
            </param>
          </params>
          <reporter-output>
          </reporter-output>
        </test-method> <!-- beforeMethod -->
        <test-method status="PASS" signature="verifyLoginWithInvalidCredentials()[pri:0, instance:com.test.automation.UIAutomation.HomePage.TC001_VerifyLoginWithInvalidCredentials@57175e74]" name="verifyLoginWithInvalidCredentials" duration-ms="3080" started-at="2017-08-19T16:42:11Z" finished-at="2017-08-19T16:42:14Z">
          <reporter-output>
          </reporter-output>
        </test-method> <!-- verifyLoginWithInvalidCredentials -->
        <test-method status="PASS" signature="afterMethod(org.testng.ITestResult)[pri:0, instance:com.test.automation.UIAutomation.HomePage.TC001_VerifyLoginWithInvalidCredentials@57175e74]" name="afterMethod" is-config="true" duration-ms="0" started-at="2017-08-19T16:42:14Z" finished-at="2017-08-19T16:42:14Z">
          <params>
            <param index="0">
              <value>
                <![CDATA[[TestResult name=verifyLoginWithInvalidCredentials status=SUCCESS method=TC001_VerifyLoginWithInvalidCredentials.verifyLoginWithInvalidCredentials()[pri:0, instance:com.test.automation.UIAutomation.HomePage.TC001_VerifyLoginWithInvalidCredentials@57175e74] output={null}]]]>
              </value>
            </param>
          </params>
          <reporter-output>
          </reporter-output>
        </test-method> <!-- afterMethod -->
        <test-method status="PASS" signature="endTest()[pri:0, instance:com.test.automation.UIAutomation.HomePage.TC001_VerifyLoginWithInvalidCredentials@57175e74]" name="endTest" is-config="true" duration-ms="1026" started-at="2017-08-19T16:42:14Z" finished-at="2017-08-19T16:42:15Z">
          <reporter-output>
          </reporter-output>
        </test-method> <!-- endTest -->
        <test-method status="PASS" signature="tearDown()[pri:0, instance:com.test.automation.UIAutomation.HomePage.TC001_VerifyLoginWithInvalidCredentials@57175e74]" name="tearDown" is-config="true" duration-ms="23" started-at="2017-08-19T16:42:15Z" finished-at="2017-08-19T16:42:15Z">
          <reporter-output>
          </reporter-output>
        </test-method> <!-- tearDown -->
      </class> <!-- com.test.automation.UIAutomation.HomePage.TC001_VerifyLoginWithInvalidCredentials -->
    </test> <!-- Default test -->
  </suite> <!-- Default suite -->
</testng-results>
